<?xml version="1.0" encoding="UTF-8"?>
<!-- Generated by org.testng.reporters.JUnitXMLReporter -->
<testsuite ignored="0" hostname="LPCAIQ0850" failures="0" tests="8" name="Default test1" time="32.967" errors="0" timestamp="08 Sep 2022 10:56:55 GMT">
  <testcase classname="PHP_REGISTER.invalid_testcase" name="invalid" time="0.216"/>
  <testcase classname="PHP_REGISTER.login_testcase" name="Check_forget_password" time="0.487"/>
  <testcase classname="PHP_REGISTER.invalid_testcase" name="invalid" time="0.241"/>
  <testcase classname="PHP_REGISTER.login_testcase" name="register_testcase" time="1.891"/>
  <testcase classname="PHP_REGISTER.invalid_testcase" name="invalid" time="0.772"/>
  <testcase classname="PHP_REGISTER.invalid_testcase" name="invalid" time="0.8"/>
  <testcase classname="PHP_REGISTER.invalid_testcase" name="invalid" time="0.854"/>
  <testcase classname="PHP_REGISTER.invalid_testcase" name="invalid" time="0.195"/>
</testsuite> <!-- Default test1 -->
